<?xml version="1.0" encoding="UTF-8"?>
<testsuite xmlns:xsi="http://www.w3.org/2001/XMLSchema-instance" xsi:noNamespaceSchemaLocation="https://maven.apache.org/surefire/maven-surefire-plugin/xsd/surefire-test-report.xsd" name="com.flexon.exercise.CalcTest" time="0.027" tests="6" errors="0" skipped="0" failures="0">
  <properties>
[...]
</properties>
  <testcase name="subTest" classname="com.flexon.exercise.CalcTest" time="0.001"/>
  <testcase name="shouldAnswerWithTrue" classname="com.flexon.exercise.CalcTest" time="0"/>
  <testcase name="addTest" classname="com.flexon.exercise.CalcTest" time="0"/>
  <testcase name="modTest" classname="com.flexon.exercise.CalcTest" time="0"/>
  <testcase name="mulTest" classname="com.flexon.exercise.CalcTest" time="0"/>
  <testcase name="divTest" classname="com.flexon.exercise.CalcTest" time="0"/>
</testsuite>